[debug] [2024-03-25T20:01:33.436Z] ----------------------------------------------------------------------
[debug] [2024-03-25T20:01:33.439Z] Command:       C:\Program Files\nodejs\node.exe C:\Users\thepe\AppData\Roaming\npm\node_modules\firebase-tools\lib\bin\firebase.js init
[debug] [2024-03-25T20:01:33.439Z] CLI Version:   13.5.1
[debug] [2024-03-25T20:01:33.440Z] Platform:      win32
[debug] [2024-03-25T20:01:33.440Z] Node Version:  v20.5.0
[debug] [2024-03-25T20:01:33.440Z] Time:          Mon Mar 25 2024 20:01:33 GMT+0000 (Greenwich Mean Time)
[debug] [2024-03-25T20:01:33.440Z] ----------------------------------------------------------------------
[debug] 
[debug] [2024-03-25T20:01:33.443Z] >>> [apiv2][query] GET https://firebase-public.firebaseio.com/cli.json [none]
[debug] [2024-03-25T20:01:33.487Z] > command requires scopes: ["email","openid","https://www.googleapis.com/auth/cloudplatformprojects.readonly","https://www.googleapis.com/auth/firebase","https://www.googleapis.com/auth/cloud-platform"]
[debug] [2024-03-25T20:01:33.487Z] > authorizing via signed-in user (objectpetitaceramics@gmail.com)
[info] 
     ######## #### ########  ######## ########     ###     ######  ########
     ##        ##  ##     ## ##       ##     ##  ##   ##  ##       ##
     ######    ##  ########  ######   ########  #########  ######  ######
     ##        ##  ##    ##  ##       ##     ## ##     ##       ## ##
     ##       #### ##     ## ######## ########  ##     ##  ######  ########

You're about to initialize a Firebase project in this directory:

  C:\Users\thepe\desktop\currentproject\object-petita

[debug] [2024-03-25T20:01:33.817Z] <<< [apiv2][status] GET https://firebase-public.firebaseio.com/cli.json 200
[debug] [2024-03-25T20:01:33.817Z] <<< [apiv2][body] GET https://firebase-public.firebaseio.com/cli.json {"cloudBuildErrorAfter":1594252800000,"cloudBuildWarnAfter":1590019200000,"defaultNode10After":1594252800000,"minVersion":"3.0.5","node8DeploysDisabledAfter":1613390400000,"node8RuntimeDisabledAfter":1615809600000,"node8WarnAfter":1600128000000}
[info] 
=== Project Setup
[info] 
[info] First, let's associate this project directory with a Firebase project.
[info] You can create multiple project aliases by running firebase use --add, 
[info] but for now we'll just set up a default project.
[info] 
[debug] [2024-03-25T20:04:15.296Z] > refreshing access token with scopes: []
[debug] [2024-03-25T20:04:15.297Z] >>> [apiv2][query] POST https://www.googleapis.com/oauth2/v3/token [none]
[debug] [2024-03-25T20:04:15.297Z] >>> [apiv2][body] POST https://www.googleapis.com/oauth2/v3/token [omitted]
[debug] [2024-03-25T20:04:15.512Z] <<< [apiv2][status] POST https://www.googleapis.com/oauth2/v3/token 200
[debug] [2024-03-25T20:04:15.512Z] <<< [apiv2][body] POST https://www.googleapis.com/oauth2/v3/token [omitted]
[debug] [2024-03-25T20:04:15.525Z] >>> [apiv2][query] GET https://firebase.googleapis.com/v1beta1/projects pageSize=100
[debug] [2024-03-25T20:04:16.005Z] <<< [apiv2][status] GET https://firebase.googleapis.com/v1beta1/projects 200
[debug] [2024-03-25T20:04:16.006Z] <<< [apiv2][body] GET https://firebase.googleapis.com/v1beta1/projects [omitted]
[info] i  Using project object-petita (object petita) 
[info] 
=== Hosting Setup
[debug] [2024-03-25T20:04:18.273Z] >>> [apiv2][query] GET https://firebase.googleapis.com/v1beta1/projects/object-petita [none]
[debug] [2024-03-25T20:04:18.523Z] <<< [apiv2][status] GET https://firebase.googleapis.com/v1beta1/projects/object-petita 200
[debug] [2024-03-25T20:04:18.523Z] <<< [apiv2][body] GET https://firebase.googleapis.com/v1beta1/projects/object-petita {"projectId":"object-petita","projectNumber":"294043572865","displayName":"object petita","name":"projects/object-petita","resources":{"hostingSite":"object-petita","storageBucket":"object-petita.appspot.com","locationId":"europe-west"},"state":"ACTIVE","etag":"1_f1c3e5a3-4557-4240-b96c-bd2cfddaa4b1"}
[info] 
[info] Your public directory is the folder (relative to your project directory) that
[info] will contain Hosting assets to be uploaded with firebase deploy. If you
[info] have a build process for your assets, use your build's output directory.
[info] 
